g:\visual studio projects\cricket-simulator\cricket simulator\debug\vc120.pdb
g:\visual studio projects\cricket-simulator\cricket simulator\debug\vc120.idb
g:\visual studio projects\cricket-simulator\cricket simulator\debug\match.obj
g:\visual studio projects\cricket-simulator\cricket simulator\debug\player.obj
g:\visual studio projects\cricket-simulator\cricket simulator\debug\team.obj
g:\visual studio projects\cricket-simulator\cricket simulator\debug\tester.obj
g:\visual studio projects\cricket-simulator\cricket simulator\debug\myform1.obj
g:\visual studio projects\cricket-simulator\cricket simulator\debug\cricketsimulator.myform1.resources
g:\visual studio projects\cricket-simulator\cricket simulator\debug\cricket simulator.vcxproj.generateresource.cache
g:\visual studio projects\cricket-simulator\cricket simulator\debug\cricket simulator.vcxprojassemblyreference.cache
g:\visual studio projects\cricket-simulator\cricket simulator\debug\cricket simulator.vcxprojresolveassemblyreference.cache
g:\visual studio projects\cricket-simulator\debug\cricket simulator.pdb
g:\visual studio projects\cricket-simulator\cricket simulator\debug\cricket .92604570.tlog\cl.command.1.tlog
g:\visual studio projects\cricket-simulator\cricket simulator\debug\cricket .92604570.tlog\cl.read.1.tlog
g:\visual studio projects\cricket-simulator\cricket simulator\debug\cricket .92604570.tlog\cl.write.1.tlog
g:\visual studio projects\cricket-simulator\cricket simulator\debug\cricket .92604570.tlog\cricket simulator.write.1u.tlog
g:\visual studio projects\cricket-simulator\cricket simulator\debug\cricket .92604570.tlog\link.11156-cvtres.read.1.tlog
g:\visual studio projects\cricket-simulator\cricket simulator\debug\cricket .92604570.tlog\link.11156-cvtres.write.1.tlog
g:\visual studio projects\cricket-simulator\cricket simulator\debug\cricket .92604570.tlog\link.11156-rc.read.1.tlog
g:\visual studio projects\cricket-simulator\cricket simulator\debug\cricket .92604570.tlog\link.11156-rc.write.1.tlog
g:\visual studio projects\cricket-simulator\cricket simulator\debug\cricket .92604570.tlog\link.11156.read.1.tlog
g:\visual studio projects\cricket-simulator\cricket simulator\debug\cricket .92604570.tlog\link.11156.write.1.tlog
g:\visual studio projects\cricket-simulator\cricket simulator\debug\cricket .92604570.tlog\link.command.1.tlog
g:\visual studio projects\cricket-simulator\cricket simulator\debug\cricket .92604570.tlog\link.read.1.tlog
g:\visual studio projects\cricket-simulator\cricket simulator\debug\cricket .92604570.tlog\link.write.1.tlog
